# JRE version: OpenJDK Runtime Environment (8.0_76-b03) (build 1.8.0_76-release-b03)
# Java VM: OpenJDK 64-Bit Server VM (25.76-b03 mixed mode linux-amd64 compressed oops)
Heap:
 PSYoungGen      total 217088K, used 9140K [0x00000000e0000000, 0x00000000eeb80000, 0x0000000100000000)
  eden space 196096K, 0% used [0x00000000e0000000,0x00000000e0000000,0x00000000ebf80000)
  from space 20992K, 43% used [0x00000000ebf80000,0x00000000ec86d2e0,0x00000000ed400000)
  to   space 14848K, 0% used [0x00000000ed400000,0x00000000ed400000,0x00000000ee280000)
 ParOldGen       total 54272K, used 45707K [0x00000000a0000000, 0x00000000a3500000, 0x00000000e0000000)
  object space 54272K, 84% used [0x00000000a0000000,0x00000000a2ca2f30,0x00000000a3500000)
 Metaspace       used 56989K, capacity 58500K, committed 58624K, reserved 1099776K
  class space    used 7491K, capacity 7854K, committed 7936K, reserved 1048576K
GC Heap History (10 events):
Event: 6,977 GC heap after
Heap after GC invocations=8 (full 1):
 PSYoungGen      total 130048K, used 7228K [0x00000000e0000000, 0x00000000eae00000, 0x0000000100000000)
  eden space 119808K, 0% used [0x00000000e0000000,0x00000000e0000000,0x00000000e7500000)
  from space 10240K, 70% used [0x00000000e7500000,0x00000000e7c0f2d0,0x00000000e7f00000)
  to   space 10752K, 0% used [0x00000000ea380000,0x00000000ea380000,0x00000000eae00000)
 ParOldGen       total 41472K, used 13442K [0x00000000a0000000, 0x00000000a2880000, 0x00000000e0000000)
  object space 41472K, 32% used [0x00000000a0000000,0x00000000a0d20a88,0x00000000a2880000)
 Metaspace       used 30630K, capacity 31256K, committed 31488K, reserved 1077248K
  class space    used 4140K, capacity 4331K, committed 4352K, reserved 1048576K
}
Event: 8,093 GC heap before
{Heap before GC invocations=9 (full 1):
 PSYoungGen      total 130048K, used 67466K [0x00000000e0000000, 0x00000000eae00000, 0x0000000100000000)
  eden space 119808K, 50% used [0x00000000e0000000,0x00000000e3ad3628,0x00000000e7500000)
  from space 10240K, 70% used [0x00000000e7500000,0x00000000e7c0f2d0,0x00000000e7f00000)
  to   space 10752K, 0% used [0x00000000ea380000,0x00000000ea380000,0x00000000eae00000)
 ParOldGen       total 41472K, used 13442K [0x00000000a0000000, 0x00000000a2880000, 0x00000000e0000000)
  object space 41472K, 32% used [0x00000000a0000000,0x00000000a0d20a88,0x00000000a2880000)
 Metaspace       used 34644K, capacity 35246K, committed 35496K, reserved 1079296K
  class space    used 4637K, capacity 4824K, committed 4864K, reserved 1048576K
Event: 8,123 GC heap after
Heap after GC invocations=9 (full 1):
 PSYoungGen      total 166400K, used 9454K [0x00000000e0000000, 0x00000000ece00000, 0x0000000100000000)
  eden space 155648K, 0% used [0x00000000e0000000,0x00000000e0000000,0x00000000e9800000)
  from space 10752K, 87% used [0x00000000ea380000,0x00000000eacbbb58,0x00000000eae00000)
  to   space 11776K, 0% used [0x00000000e9800000,0x00000000e9800000,0x00000000ea380000)
 ParOldGen       total 41472K, used 13450K [0x00000000a0000000, 0x00000000a2880000, 0x00000000e0000000)
  object space 41472K, 32% used [0x00000000a0000000,0x00000000a0d22a88,0x00000000a2880000)
 Metaspace       used 34644K, capacity 35246K, committed 35496K, reserved 1079296K
  class space    used 4637K, capacity 4824K, committed 4864K, reserved 1048576K
}
Event: 8,123 GC heap before
{Heap before GC invocations=10 (full 2):
 PSYoungGen      total 166400K, used 9454K [0x00000000e0000000, 0x00000000ece00000, 0x0000000100000000)
  eden space 155648K, 0% used [0x00000000e0000000,0x00000000e0000000,0x00000000e9800000)
  from space 10752K, 87% used [0x00000000ea380000,0x00000000eacbbb58,0x00000000eae00000)
  to   space 11776K, 0% used [0x00000000e9800000,0x00000000e9800000,0x00000000ea380000)
 ParOldGen       total 41472K, used 13450K [0x00000000a0000000, 0x00000000a2880000, 0x00000000e0000000)
  object space 41472K, 32% used [0x00000000a0000000,0x00000000a0d22a88,0x00000000a2880000)
 Metaspace       used 34644K, capacity 35246K, committed 35496K, reserved 1079296K
  class space    used 4637K, capacity 4824K, committed 4864K, reserved 1048576K
Event: 8,245 GC heap after
Heap after GC invocations=10 (full 2):
 PSYoungGen      total 166400K, used 0K [0x00000000e0000000, 0x00000000ece00000, 0x0000000100000000)
  eden space 155648K, 0% used [0x00000000e0000000,0x00000000e0000000,0x00000000e9800000)
  from space 10752K, 0% used [0x00000000ea380000,0x00000000ea380000,0x00000000eae00000)
  to   space 11776K, 0% used [0x00000000e9800000,0x00000000e9800000,0x00000000ea380000)
 ParOldGen       total 54272K, used 16877K [0x00000000a0000000, 0x00000000a3500000, 0x00000000e0000000)
  object space 54272K, 31% used [0x00000000a0000000,0x00000000a107b490,0x00000000a3500000)
 Metaspace       used 34644K, capacity 35246K, committed 35496K, reserved 1079296K
  class space    used 4637K, capacity 4824K, committed 4864K, reserved 1048576K
}
Event: 11,091 GC heap before
{Heap before GC invocations=11 (full 2):
 PSYoungGen      total 166400K, used 155648K [0x00000000e0000000, 0x00000000ece00000, 0x0000000100000000)
  eden space 155648K, 100% used [0x00000000e0000000,0x00000000e9800000,0x00000000e9800000)
  from space 10752K, 0% used [0x00000000ea380000,0x00000000ea380000,0x00000000eae00000)
  to   space 11776K, 0% used [0x00000000e9800000,0x00000000e9800000,0x00000000ea380000)
 ParOldGen       total 54272K, used 16877K [0x00000000a0000000, 0x00000000a3500000, 0x00000000e0000000)
  object space 54272K, 31% used [0x00000000a0000000,0x00000000a107b490,0x00000000a3500000)
 Metaspace       used 44629K, capacity 45720K, committed 45952K, reserved 1089536K
  class space    used 6021K, capacity 6264K, committed 6272K, reserved 1048576K
Event: 11,121 GC heap after
Heap after GC invocations=11 (full 2):
 PSYoungGen      total 167424K, used 11753K [0x00000000e0000000, 0x00000000ee280000, 0x0000000100000000)
  eden space 155648K, 0% used [0x00000000e0000000,0x00000000e0000000,0x00000000e9800000)
  from space 11776K, 99% used [0x00000000e9800000,0x00000000ea37a520,0x00000000ea380000)
  to   space 14848K, 0% used [0x00000000ed400000,0x00000000ed400000,0x00000000ee280000)
 ParOldGen       total 54272K, used 20446K [0x00000000a0000000, 0x00000000a3500000, 0x00000000e0000000)
  object space 54272K, 37% used [0x00000000a0000000,0x00000000a13f7988,0x00000000a3500000)
 Metaspace       used 44629K, capacity 45720K, committed 45952K, reserved 1089536K
  class space    used 6021K, capacity 6264K, committed 6272K, reserved 1048576K
}
Event: 14,386 GC heap before
{Heap before GC invocations=12 (full 2):
 PSYoungGen      total 167424K, used 167401K [0x00000000e0000000, 0x00000000ee280000, 0x0000000100000000)
  eden space 155648K, 100% used [0x00000000e0000000,0x00000000e9800000,0x00000000e9800000)
  from space 11776K, 99% used [0x00000000e9800000,0x00000000ea37a520,0x00000000ea380000)
  to   space 14848K, 0% used [0x00000000ed400000,0x00000000ed400000,0x00000000ee280000)
 ParOldGen       total 54272K, used 20446K [0x00000000a0000000, 0x00000000a3500000, 0x00000000e0000000)
  object space 54272K, 37% used [0x00000000a0000000,0x00000000a13f7988,0x00000000a3500000)
 Metaspace       used 50432K, capacity 51776K, committed 52096K, reserved 1093632K
  class space    used 6702K, capacity 6984K, committed 7040K, reserved 1048576K
Event: 14,423 GC heap after
Heap after GC invocations=12 (full 2):
 PSYoungGen      total 210944K, used 14817K [0x00000000e0000000, 0x00000000eeb80000, 0x0000000100000000)
  eden space 196096K, 0% used [0x00000000e0000000,0x00000000e0000000,0x00000000ebf80000)
  from space 14848K, 99% used [0x00000000ed400000,0x00000000ee2786d8,0x00000000ee280000)
  to   space 20992K, 0% used [0x00000000ebf80000,0x00000000ebf80000,0x00000000ed400000)
 ParOldGen       total 54272K, used 31307K [0x00000000a0000000, 0x00000000a3500000, 0x00000000e0000000)
  object space 54272K, 57% used [0x00000000a0000000,0x00000000a1e92f98,0x00000000a3500000)
 Metaspace       used 50432K, capacity 51776K, committed 52096K, reserved 1093632K
  class space    used 6702K, capacity 6984K, committed 7040K, reserved 1048576K
}
Event: 24,171 GC heap before
{Heap before GC invocations=13 (full 2):
 PSYoungGen      total 210944K, used 210913K [0x00000000e0000000, 0x00000000eeb80000, 0x0000000100000000)
  eden space 196096K, 100% used [0x00000000e0000000,0x00000000ebf80000,0x00000000ebf80000)
  from space 14848K, 99% used [0x00000000ed400000,0x00000000ee2786d8,0x00000000ee280000)
  to   space 20992K, 0% used [0x00000000ebf80000,0x00000000ebf80000,0x00000000ed400000)
 ParOldGen       total 54272K, used 31307K [0x00000000a0000000, 0x00000000a3500000, 0x00000000e0000000)
  object space 54272K, 57% used [0x00000000a0000000,0x00000000a1e92f98,0x00000000a3500000)
 Metaspace       used 56989K, capacity 58500K, committed 58624K, reserved 1099776K
  class space    used 7491K, capacity 7854K, committed 7936K, reserved 1048576K

