# JRE version: OpenJDK Runtime Environment (8.0_76-b03) (build 1.8.0_76-release-b03)
# Java VM: OpenJDK 64-Bit Server VM (25.76-b03 mixed mode linux-amd64 compressed oops)
Heap:
 PSYoungGen      total 261120K, used 19938K [0x00000000e0000000, 0x00000000f1280000, 0x0000000100000000)
  eden space 241152K, 0% used [0x00000000e0000000,0x00000000e0000000,0x00000000eeb80000)
  from space 19968K, 99% used [0x00000000eeb80000,0x00000000efef8ad0,0x00000000eff00000)
  to   space 19456K, 0% used [0x00000000eff80000,0x00000000eff80000,0x00000000f1280000)
 ParOldGen       total 92160K, used 42401K [0x00000000a0000000, 0x00000000a5a00000, 0x00000000e0000000)
  object space 92160K, 46% used [0x00000000a0000000,0x00000000a2968678,0x00000000a5a00000)
 Metaspace       used 61447K, capacity 63184K, committed 63488K, reserved 1103872K
  class space    used 8012K, capacity 8380K, committed 8448K, reserved 1048576K
GC Heap History (10 events):
Event: 11,476 GC heap after
Heap after GC invocations=11 (full 2):
 PSYoungGen      total 163840K, used 11748K [0x00000000e0000000, 0x00000000ede00000, 0x0000000100000000)
  eden space 152064K, 0% used [0x00000000e0000000,0x00000000e0000000,0x00000000e9480000)
  from space 11776K, 99% used [0x00000000e9480000,0x00000000e9ff9290,0x00000000ea000000)
  to   space 14336K, 0% used [0x00000000ed000000,0x00000000ed000000,0x00000000ede00000)
 ParOldGen       total 55808K, used 20211K [0x00000000a0000000, 0x00000000a3680000, 0x00000000e0000000)
  object space 55808K, 36% used [0x00000000a0000000,0x00000000a13bcf40,0x00000000a3680000)
 Metaspace       used 44195K, capacity 45254K, committed 45440K, reserved 1089536K
  class space    used 5959K, capacity 6209K, committed 6272K, reserved 1048576K
}
Event: 18,799 GC heap before
{Heap before GC invocations=12 (full 2):
 PSYoungGen      total 163840K, used 163812K [0x00000000e0000000, 0x00000000ede00000, 0x0000000100000000)
  eden space 152064K, 100% used [0x00000000e0000000,0x00000000e9480000,0x00000000e9480000)
  from space 11776K, 99% used [0x00000000e9480000,0x00000000e9ff9290,0x00000000ea000000)
  to   space 14336K, 0% used [0x00000000ed000000,0x00000000ed000000,0x00000000ede00000)
 ParOldGen       total 55808K, used 20211K [0x00000000a0000000, 0x00000000a3680000, 0x00000000e0000000)
  object space 55808K, 36% used [0x00000000a0000000,0x00000000a13bcf40,0x00000000a3680000)
 Metaspace       used 50358K, capacity 51708K, committed 51840K, reserved 1093632K
  class space    used 6692K, capacity 6984K, committed 7040K, reserved 1048576K
Event: 18,839 GC heap after
Heap after GC invocations=12 (full 2):
 PSYoungGen      total 206848K, used 14321K [0x00000000e0000000, 0x00000000ee500000, 0x0000000100000000)
  eden space 192512K, 0% used [0x00000000e0000000,0x00000000e0000000,0x00000000ebc00000)
  from space 14336K, 99% used [0x00000000ed000000,0x00000000eddfc6e8,0x00000000ede00000)
  to   space 20480K, 0% used [0x00000000ebc00000,0x00000000ebc00000,0x00000000ed000000)
 ParOldGen       total 55808K, used 30953K [0x00000000a0000000, 0x00000000a3680000, 0x00000000e0000000)
  object space 55808K, 55% used [0x00000000a0000000,0x00000000a1e3a6f8,0x00000000a3680000)
 Metaspace       used 50358K, capacity 51708K, committed 51840K, reserved 1093632K
  class space    used 6692K, capacity 6984K, committed 7040K, reserved 1048576K
}
Event: 23,012 GC heap before
{Heap before GC invocations=13 (full 2):
 PSYoungGen      total 206848K, used 206833K [0x00000000e0000000, 0x00000000ee500000, 0x0000000100000000)
  eden space 192512K, 100% used [0x00000000e0000000,0x00000000ebc00000,0x00000000ebc00000)
  from space 14336K, 99% used [0x00000000ed000000,0x00000000eddfc6e8,0x00000000ede00000)
  to   space 20480K, 0% used [0x00000000ebc00000,0x00000000ebc00000,0x00000000ed000000)
 ParOldGen       total 55808K, used 30953K [0x00000000a0000000, 0x00000000a3680000, 0x00000000e0000000)
  object space 55808K, 55% used [0x00000000a0000000,0x00000000a1e3a6f8,0x00000000a3680000)
 Metaspace       used 57388K, capacity 58970K, committed 59136K, reserved 1099776K
  class space    used 7555K, capacity 7909K, committed 7936K, reserved 1048576K
Event: 23,070 GC heap after
Heap after GC invocations=13 (full 2):
 PSYoungGen      total 212992K, used 10022K [0x00000000e0000000, 0x00000000f1280000, 0x0000000100000000)
  eden space 192512K, 0% used [0x00000000e0000000,0x00000000e0000000,0x00000000ebc00000)
  from space 20480K, 48% used [0x00000000ebc00000,0x00000000ec5c9900,0x00000000ed000000)
  to   space 19456K, 0% used [0x00000000eff80000,0x00000000eff80000,0x00000000f1280000)
 ParOldGen       total 55808K, used 44865K [0x00000000a0000000, 0x00000000a3680000, 0x00000000e0000000)
  object space 55808K, 80% used [0x00000000a0000000,0x00000000a2bd06b0,0x00000000a3680000)
 Metaspace       used 57388K, capacity 58970K, committed 59136K, reserved 1099776K
  class space    used 7555K, capacity 7909K, committed 7936K, reserved 1048576K
}
Event: 23,070 GC heap before
{Heap before GC invocations=14 (full 3):
 PSYoungGen      total 212992K, used 10022K [0x00000000e0000000, 0x00000000f1280000, 0x0000000100000000)
  eden space 192512K, 0% used [0x00000000e0000000,0x00000000e0000000,0x00000000ebc00000)
  from space 20480K, 48% used [0x00000000ebc00000,0x00000000ec5c9900,0x00000000ed000000)
  to   space 19456K, 0% used [0x00000000eff80000,0x00000000eff80000,0x00000000f1280000)
 ParOldGen       total 55808K, used 44865K [0x00000000a0000000, 0x00000000a3680000, 0x00000000e0000000)
  object space 55808K, 80% used [0x00000000a0000000,0x00000000a2bd06b0,0x00000000a3680000)
 Metaspace       used 57388K, capacity 58970K, committed 59136K, reserved 1099776K
  class space    used 7555K, capacity 7909K, committed 7936K, reserved 1048576K
Event: 23,333 GC heap after
Heap after GC invocations=14 (full 3):
 PSYoungGen      total 212992K, used 0K [0x00000000e0000000, 0x00000000f1280000, 0x0000000100000000)
  eden space 192512K, 0% used [0x00000000e0000000,0x00000000e0000000,0x00000000ebc00000)
  from space 20480K, 0% used [0x00000000ebc00000,0x00000000ebc00000,0x00000000ed000000)
  to   space 19456K, 0% used [0x00000000eff80000,0x00000000eff80000,0x00000000f1280000)
 ParOldGen       total 92160K, used 37005K [0x00000000a0000000, 0x00000000a5a00000, 0x00000000e0000000)
  object space 92160K, 40% used [0x00000000a0000000,0x00000000a24234c0,0x00000000a5a00000)
 Metaspace       used 57386K, capacity 58964K, committed 59136K, reserved 1099776K
  class space    used 7554K, capacity 7908K, committed 7936K, reserved 1048576K
}
Event: 23,498 GC heap before
{Heap before GC invocations=15 (full 3):
 PSYoungGen      total 212992K, used 192064K [0x00000000e0000000, 0x00000000f1280000, 0x0000000100000000)
  eden space 192512K, 99% used [0x00000000e0000000,0x00000000ebb902f8,0x00000000ebc00000)
  from space 20480K, 0% used [0x00000000ebc00000,0x00000000ebc00000,0x00000000ed000000)
  to   space 19456K, 0% used [0x00000000eff80000,0x00000000eff80000,0x00000000f1280000)
 ParOldGen       total 92160K, used 37005K [0x00000000a0000000, 0x00000000a5a00000, 0x00000000e0000000)
  object space 92160K, 40% used [0x00000000a0000000,0x00000000a24234c0,0x00000000a5a00000)
 Metaspace       used 57688K, capacity 59306K, committed 59520K, reserved 1101824K
  class space    used 7611K, capacity 7993K, committed 8064K, reserved 1048576K
Event: 23,502 GC heap after
Heap after GC invocations=15 (full 3):
 PSYoungGen      total 260608K, used 544K [0x00000000e0000000, 0x00000000f1280000, 0x0000000100000000)
  eden space 241152K, 0% used [0x00000000e0000000,0x00000000e0000000,0x00000000eeb80000)
  from space 19456K, 2% used [0x00000000eff80000,0x00000000f0008000,0x00000000f1280000)
  to   space 19968K, 0% used [0x00000000eeb80000,0x00000000eeb80000,0x00000000eff00000)
 ParOldGen       total 92160K, used 37013K [0x00000000a0000000, 0x00000000a5a00000, 0x00000000e0000000)
  object space 92160K, 40% used [0x00000000a0000000,0x00000000a24254c0,0x00000000a5a00000)
 Metaspace       used 57688K, capacity 59306K, committed 59520K, reserved 1101824K
  class space    used 7611K, capacity 7993K, committed 8064K, reserved 1048576K
}
Event: 26,213 GC heap before
{Heap before GC invocations=16 (full 3):
 PSYoungGen      total 260608K, used 241696K [0x00000000e0000000, 0x00000000f1280000, 0x0000000100000000)
  eden space 241152K, 100% used [0x00000000e0000000,0x00000000eeb80000,0x00000000eeb80000)
  from space 19456K, 2% used [0x00000000eff80000,0x00000000f0008000,0x00000000f1280000)
  to   space 19968K, 0% used [0x00000000eeb80000,0x00000000eeb80000,0x00000000eff00000)
 ParOldGen       total 92160K, used 37013K [0x00000000a0000000, 0x00000000a5a00000, 0x00000000e0000000)
  object space 92160K, 40% used [0x00000000a0000000,0x00000000a24254c0,0x00000000a5a00000)
 Metaspace       used 61447K, capacity 63184K, committed 63488K, reserved 1103872K
  class space    used 8012K, capacity 8380K, committed 8448K, reserved 1048576K

